<?xml version="1.0" encoding="UTF-8"?>
<testsuite xmlns:xsi="http://www.w3.org/2001/XMLSchema-instance" xsi:noNamespaceSchemaLocation="https://maven.apache.org/surefire/maven-surefire-plugin/xsd/surefire-test-report-3.0.xsd" version="3.0" name="org.sonar.samples.java.checks.MyFirstCustomCheckTest" time="0.549" tests="1" errors="1" skipped="0" failures="0">
  <properties>
[...]
</properties>
  <testcase name="test" classname="org.sonar.samples.java.checks.MyFirstCustomCheckTest" time="0.522">
    <error message="At least one issue expected" type="java.lang.IllegalStateException">java.lang.IllegalStateException: At least one issue expected
	at org.sonar.samples.java.checks.MyFirstCustomCheckTest.test(MyFirstCustomCheckTest.java:10)
</error>
    <system-out><![CDATA[21:27:19.364 [main] DEBUG o.s.java.bytecode.ClassLoaderBuilder - ----- Classpath analyzed by Squid:
21:27:19.366 [main] DEBUG o.s.java.bytecode.ClassLoaderBuilder - /home/leslie/Coding/Java/java-custom-rules/target/test-jars/spring-webmvc-4.3.3.RELEASE.jar
21:27:19.366 [main] DEBUG o.s.java.bytecode.ClassLoaderBuilder - /home/leslie/Coding/Java/java-custom-rules/target/test-jars/commons-collections4-4.0.jar
21:27:19.366 [main] DEBUG o.s.java.bytecode.ClassLoaderBuilder - /home/leslie/Coding/Java/java-custom-rules/target/test-jars/spring-web-4.3.3.RELEASE.jar
21:27:19.366 [main] DEBUG o.s.java.bytecode.ClassLoaderBuilder - /home/leslie/Coding/Java/java-custom-rules/target/test-jars/javaee-api-6.0.jar
21:27:19.366 [main] DEBUG o.s.java.bytecode.ClassLoaderBuilder - /home/leslie/Coding/Java/java-custom-rules/target/test-jars/spring-context-4.3.3.RELEASE.jar
21:27:19.366 [main] DEBUG o.s.java.bytecode.ClassLoaderBuilder - /home/leslie/Coding/Java/java-custom-rules/target/test-classes
21:27:19.366 [main] DEBUG o.s.java.bytecode.ClassLoaderBuilder - -----
21:27:19.603 [main] INFO  o.s.analyzer.commons.ProgressReport - 1 source files to be analyzed
21:27:19.733 [Report about progress of Java AST analyzer] INFO  o.s.analyzer.commons.ProgressReport - 1/1 source files have been analyzed
]]></system-out>
  </testcase>
</testsuite>